This is pdfTeX, Version 3.141592653-2.6-1.40.22 (MiKTeX 21.3) (preloaded format=pdflatex 2021.4.8)  28 DEC 2022 17:01
entering extended mode
**./report_31_12.tex
(report_31_12.tex
LaTeX2e <2020-02-02> patch level 5
L3 programming layer <2020-09-03>
(/home/irina/.miktex/texmfs/install/tex/latex/base/article.cls
Document Class: article 2019/12/20 v1.4l Standard LaTeX document class
(/home/irina/.miktex/texmfs/install/tex/latex/base/size12.clo
File: size12.clo 2019/12/20 v1.4l Standard LaTeX file (size option)
)
\c@part=\count168
\c@section=\count169
\c@subsection=\count170
\c@subsubsection=\count171
\c@paragraph=\count172
\c@subparagraph=\count173
\c@figure=\count174
\c@table=\count175
\abovecaptionskip=\skip47
\belowcaptionskip=\skip48
\bibindent=\dimen134
)
(/home/irina/.miktex/texmfs/install/tex/latex/amscls/amsthm.sty
Package: amsthm 2020/05/29 v2.20.6
\thm@style=\toks15
\thm@bodyfont=\toks16
\thm@headfont=\toks17
\thm@notefont=\toks18
\thm@headpunct=\toks19
\thm@preskip=\skip49
\thm@postskip=\skip50
\thm@headsep=\skip51
\dth@everypar=\toks20
)
(/home/irina/.miktex/texmfs/install/tex/latex/amsfonts/amsfonts.sty
Package: amsfonts 2013/01/14 v3.01 Basic AMSFonts support
\@emptytoks=\toks21
\symAMSa=\mathgroup4
\symAMSb=\mathgroup5
LaTeX Font Info:    Redeclaring math symbol \hbar on input line 98.
LaTeX Font Info:    Overwriting math alphabet `\mathfrak' in version `bold'
(Font)                  U/euf/m/n --> U/euf/b/n on input line 106.
)
(/home/irina/.miktex/texmfs/install/tex/latex/amsmath/amsmath.sty
Package: amsmath 2020/01/20 v2.17e AMS math features
\@mathmargin=\skip52

For additional information on amsmath, use the `?' option.
(/home/irina/.miktex/texmfs/install/tex/latex/amsmath/amstext.sty
Package: amstext 2000/06/29 v2.01 AMS text

(/home/irina/.miktex/texmfs/install/tex/latex/amsmath/amsgen.sty
File: amsgen.sty 1999/11/30 v2.0 generic functions
\@emptytoks=\toks22
\ex@=\dimen135
))
(/home/irina/.miktex/texmfs/install/tex/latex/amsmath/amsbsy.sty
Package: amsbsy 1999/11/29 v1.2d Bold Symbols
\pmbraise@=\dimen136
)
(/home/irina/.miktex/texmfs/install/tex/latex/amsmath/amsopn.sty
Package: amsopn 2016/03/08 v2.02 operator names
)
\inf@bad=\count176
LaTeX Info: Redefining \frac on input line 227.
\uproot@=\count177
\leftroot@=\count178
LaTeX Info: Redefining \overline on input line 389.
\classnum@=\count179
\DOTSCASE@=\count180
LaTeX Info: Redefining \ldots on input line 486.
LaTeX Info: Redefining \dots on input line 489.
LaTeX Info: Redefining \cdots on input line 610.
\Mathstrutbox@=\box45
\strutbox@=\box46
\big@size=\dimen137
LaTeX Font Info:    Redeclaring font encoding OML on input line 733.
LaTeX Font Info:    Redeclaring font encoding OMS on input line 734.
\macc@depth=\count181
\c@MaxMatrixCols=\count182
\dotsspace@=\muskip16
\c@parentequation=\count183
\dspbrk@lvl=\count184
\tag@help=\toks23
\row@=\count185
\column@=\count186
\maxfields@=\count187
\andhelp@=\toks24
\eqnshift@=\dimen138
\alignsep@=\dimen139
\tagshift@=\dimen140
\tagwidth@=\dimen141
\totwidth@=\dimen142
\lineht@=\dimen143
\@envbody=\toks25
\multlinegap=\skip53
\multlinetaggap=\skip54
\mathdisplay@stack=\toks26
LaTeX Info: Redefining \[ on input line 2859.
LaTeX Info: Redefining \] on input line 2860.
)
(/home/irina/.miktex/texmfs/install/tex/latex/amsfonts/amssymb.sty
Package: amssymb 2013/01/14 v3.01 AMS font symbols
)
(/home/irina/.miktex/texmfs/install/tex/latex/amsmath/amscd.sty
Package: amscd 2017/04/14 v2.1 AMS Commutative Diagrams
\athelp@=\toks27
\minaw@=\dimen144
\bigaw@=\dimen145
\minCDarrowwidth=\dimen146
)
(/home/irina/.miktex/texmfs/install/tex/latex/base/fontenc.sty
Package: fontenc 2020/02/11 v2.0o Standard LaTeX package

(/home/irina/.miktex/texmfs/install/tex/latex/cyrillic/t2aenc.def
File: t2aenc.def 2005/09/27 v1.0i Cyrillic encoding definition file
Now handling font encoding T2A ...
... processing UTF-8 mapping file for font encoding T2A

(/home/irina/.miktex/texmfs/install/tex/latex/base/t2aenc.dfu
File: t2aenc.dfu 2019/11/14 v1.2k UTF-8 support for inputenc
   defining Unicode char U+00A4 (decimal 164)
   defining Unicode char U+00A7 (decimal 167)
   defining Unicode char U+00AB (decimal 171)
   defining Unicode char U+00BB (decimal 187)
   defining Unicode char U+0131 (decimal 305)
   defining Unicode char U+0237 (decimal 567)
   defining Unicode char U+0400 (decimal 1024)
   defining Unicode char U+0401 (decimal 1025)
   defining Unicode char U+0402 (decimal 1026)
   defining Unicode char U+0403 (decimal 1027)
   defining Unicode char U+0404 (decimal 1028)
   defining Unicode char U+0405 (decimal 1029)
   defining Unicode char U+0406 (decimal 1030)
   defining Unicode char U+0407 (decimal 1031)
   defining Unicode char U+0408 (decimal 1032)
   defining Unicode char U+0409 (decimal 1033)
   defining Unicode char U+040A (decimal 1034)
   defining Unicode char U+040B (decimal 1035)
   defining Unicode char U+040C (decimal 1036)
   defining Unicode char U+040D (decimal 1037)
   defining Unicode char U+040E (decimal 1038)
   defining Unicode char U+040F (decimal 1039)
   defining Unicode char U+0410 (decimal 1040)
   defining Unicode char U+0411 (decimal 1041)
   defining Unicode char U+0412 (decimal 1042)
   defining Unicode char U+0413 (decimal 1043)
   defining Unicode char U+0414 (decimal 1044)
   defining Unicode char U+0415 (decimal 1045)
   defining Unicode char U+0416 (decimal 1046)
   defining Unicode char U+0417 (decimal 1047)
   defining Unicode char U+0418 (decimal 1048)
   defining Unicode char U+0419 (decimal 1049)
   defining Unicode char U+041A (decimal 1050)
   defining Unicode char U+041B (decimal 1051)
   defining Unicode char U+041C (decimal 1052)
   defining Unicode char U+041D (decimal 1053)
   defining Unicode char U+041E (decimal 1054)
   defining Unicode char U+041F (decimal 1055)
   defining Unicode char U+0420 (decimal 1056)
   defining Unicode char U+0421 (decimal 1057)
   defining Unicode char U+0422 (decimal 1058)
   defining Unicode char U+0423 (decimal 1059)
   defining Unicode char U+0424 (decimal 1060)
   defining Unicode char U+0425 (decimal 1061)
   defining Unicode char U+0426 (decimal 1062)
   defining Unicode char U+0427 (decimal 1063)
   defining Unicode char U+0428 (decimal 1064)
   defining Unicode char U+0429 (decimal 1065)
   defining Unicode char U+042A (decimal 1066)
   defining Unicode char U+042B (decimal 1067)
   defining Unicode char U+042C (decimal 1068)
   defining Unicode char U+042D (decimal 1069)
   defining Unicode char U+042E (decimal 1070)
   defining Unicode char U+042F (decimal 1071)
   defining Unicode char U+0430 (decimal 1072)
   defining Unicode char U+0431 (decimal 1073)
   defining Unicode char U+0432 (decimal 1074)
   defining Unicode char U+0433 (decimal 1075)
   defining Unicode char U+0434 (decimal 1076)
   defining Unicode char U+0435 (decimal 1077)
   defining Unicode char U+0436 (decimal 1078)
   defining Unicode char U+0437 (decimal 1079)
   defining Unicode char U+0438 (decimal 1080)
   defining Unicode char U+0439 (decimal 1081)
   defining Unicode char U+043A (decimal 1082)
   defining Unicode char U+043B (decimal 1083)
   defining Unicode char U+043C (decimal 1084)
   defining Unicode char U+043D (decimal 1085)
   defining Unicode char U+043E (decimal 1086)
   defining Unicode char U+043F (decimal 1087)
   defining Unicode char U+0440 (decimal 1088)
   defining Unicode char U+0441 (decimal 1089)
   defining Unicode char U+0442 (decimal 1090)
   defining Unicode char U+0443 (decimal 1091)
   defining Unicode char U+0444 (decimal 1092)
   defining Unicode char U+0445 (decimal 1093)
   defining Unicode char U+0446 (decimal 1094)
   defining Unicode char U+0447 (decimal 1095)
   defining Unicode char U+0448 (decimal 1096)
   defining Unicode char U+0449 (decimal 1097)
   defining Unicode char U+044A (decimal 1098)
   defining Unicode char U+044B (decimal 1099)
   defining Unicode char U+044C (decimal 1100)
   defining Unicode char U+044D (decimal 1101)
   defining Unicode char U+044E (decimal 1102)
   defining Unicode char U+044F (decimal 1103)
   defining Unicode char U+0450 (decimal 1104)
   defining Unicode char U+0451 (decimal 1105)
   defining Unicode char U+0452 (decimal 1106)
   defining Unicode char U+0453 (decimal 1107)
   defining Unicode char U+0454 (decimal 1108)
   defining Unicode char U+0455 (decimal 1109)
   defining Unicode char U+0456 (decimal 1110)
   defining Unicode char U+0457 (decimal 1111)
   defining Unicode char U+0458 (decimal 1112)
   defining Unicode char U+0459 (decimal 1113)
   defining Unicode char U+045A (decimal 1114)
   defining Unicode char U+045B (decimal 1115)
   defining Unicode char U+045C (decimal 1116)
   defining Unicode char U+045D (decimal 1117)
   defining Unicode char U+045E (decimal 1118)
   defining Unicode char U+045F (decimal 1119)
   defining Unicode char U+0490 (decimal 1168)
   defining Unicode char U+0491 (decimal 1169)
   defining Unicode char U+0492 (decimal 1170)
   defining Unicode char U+0493 (decimal 1171)
   defining Unicode char U+0496 (decimal 1174)
   defining Unicode char U+0497 (decimal 1175)
   defining Unicode char U+0498 (decimal 1176)
   defining Unicode char U+0499 (decimal 1177)
   defining Unicode char U+049A (decimal 1178)
   defining Unicode char U+049B (decimal 1179)
   defining Unicode char U+049C (decimal 1180)
   defining Unicode char U+049D (decimal 1181)
   defining Unicode char U+04A0 (decimal 1184)
   defining Unicode char U+04A1 (decimal 1185)
   defining Unicode char U+04A2 (decimal 1186)
   defining Unicode char U+04A3 (decimal 1187)
   defining Unicode char U+04A4 (decimal 1188)
   defining Unicode char U+04A5 (decimal 1189)
   defining Unicode char U+04AA (decimal 1194)
   defining Unicode char U+04AB (decimal 1195)
   defining Unicode char U+04AE (decimal 1198)
   defining Unicode char U+04AF (decimal 1199)
   defining Unicode char U+04B0 (decimal 1200)
   defining Unicode char U+04B1 (decimal 1201)
   defining Unicode char U+04B2 (decimal 1202)
   defining Unicode char U+04B3 (decimal 1203)
   defining Unicode char U+04B6 (decimal 1206)
   defining Unicode char U+04B7 (decimal 1207)
   defining Unicode char U+04B8 (decimal 1208)
   defining Unicode char U+04B9 (decimal 1209)
   defining Unicode char U+04BA (decimal 1210)
   defining Unicode char U+04BB (decimal 1211)
   defining Unicode char U+04C0 (decimal 1216)
   defining Unicode char U+04C1 (decimal 1217)
   defining Unicode char U+04C2 (decimal 1218)
   defining Unicode char U+04D0 (decimal 1232)
   defining Unicode char U+04D1 (decimal 1233)
   defining Unicode char U+04D2 (decimal 1234)
   defining Unicode char U+04D3 (decimal 1235)
   defining Unicode char U+04D4 (decimal 1236)
   defining Unicode char U+04D5 (decimal 1237)
   defining Unicode char U+04D6 (decimal 1238)
   defining Unicode char U+04D7 (decimal 1239)
   defining Unicode char U+04D8 (decimal 1240)
   defining Unicode char U+04D9 (decimal 1241)
   defining Unicode char U+04DA (decimal 1242)
   defining Unicode char U+04DB (decimal 1243)
   defining Unicode char U+04DC (decimal 1244)
   defining Unicode char U+04DD (decimal 1245)
   defining Unicode char U+04DE (decimal 1246)
   defining Unicode char U+04DF (decimal 1247)
   defining Unicode char U+04E2 (decimal 1250)
   defining Unicode char U+04E3 (decimal 1251)
   defining Unicode char U+04E4 (decimal 1252)
   defining Unicode char U+04E5 (decimal 1253)
   defining Unicode char U+04E6 (decimal 1254)
   defining Unicode char U+04E7 (decimal 1255)
   defining Unicode char U+04E8 (decimal 1256)
   defining Unicode char U+04E9 (decimal 1257)
   defining Unicode char U+04EC (decimal 1260)
   defining Unicode char U+04ED (decimal 1261)
   defining Unicode char U+04EE (decimal 1262)
   defining Unicode char U+04EF (decimal 1263)
   defining Unicode char U+04F0 (decimal 1264)
   defining Unicode char U+04F1 (decimal 1265)
   defining Unicode char U+04F2 (decimal 1266)
   defining Unicode char U+04F3 (decimal 1267)
   defining Unicode char U+04F4 (decimal 1268)
   defining Unicode char U+04F5 (decimal 1269)
   defining Unicode char U+04F8 (decimal 1272)
   defining Unicode char U+04F9 (decimal 1273)
   defining Unicode char U+200C (decimal 8204)
   defining Unicode char U+2013 (decimal 8211)
   defining Unicode char U+2014 (decimal 8212)
   defining Unicode char U+2018 (decimal 8216)
   defining Unicode char U+2019 (decimal 8217)
   defining Unicode char U+201C (decimal 8220)
   defining Unicode char U+201D (decimal 8221)
   defining Unicode char U+201E (decimal 8222)
   defining Unicode char U+2030 (decimal 8240)
   defining Unicode char U+2031 (decimal 8241)
   defining Unicode char U+2116 (decimal 8470)
   defining Unicode char U+2329 (decimal 9001)
   defining Unicode char U+232A (decimal 9002)
   defining Unicode char U+2423 (decimal 9251)
   defining Unicode char U+27E8 (decimal 10216)
   defining Unicode char U+27E9 (decimal 10217)
   defining Unicode char U+FB00 (decimal 64256)
   defining Unicode char U+FB01 (decimal 64257)
   defining Unicode char U+FB02 (decimal 64258)
   defining Unicode char U+FB03 (decimal 64259)
   defining Unicode char U+FB04 (decimal 64260)
   defining Unicode char U+FB05 (decimal 64261)
   defining Unicode char U+FB06 (decimal 64262)
))
LaTeX Font Info:    Trying to load font information for T2A+cmr on input line 1
12.

(/home/irina/.miktex/texmfs/install/tex/latex/cyrillic/t2acmr.fd
File: t2acmr.fd 2001/08/11 v1.0a Computer Modern Cyrillic font definitions
))
(/home/irina/.miktex/texmfs/install/tex/latex/base/inputenc.sty
Package: inputenc 2018/08/11 v1.3c Input encoding file
\inpenc@prehook=\toks28
\inpenc@posthook=\toks29
)
(/home/irina/.miktex/texmfs/install/tex/generic/babel/babel.sty
Package: babel 2020/09/01 3.48 The Babel package

(/home/irina/.miktex/texmfs/install/tex/generic/babel/babel.def
File: babel.def 2020/09/01 3.48 Babel common definitions
\babel@savecnt=\count188
\U@D=\dimen147
\l@babelnohyphens=\language79

(/home/irina/.miktex/texmfs/install/tex/generic/babel/txtbabel.def)
\bbl@readstream=\read2
)
\bbl@dirlevel=\count189

*************************************
* Local config file bblopts.cfg used
*
(/home/irina/.miktex/texmfs/install/tex/latex/arabi/bblopts.cfg
File: bblopts.cfg 2005/09/08 v0.1 add Arabic and Farsi to "declared" options of
 babel
)
(/home/irina/.miktex/texmfs/install/tex/latex/babel-english/english.ldf
Language: english 2017/06/06 v3.3r English support from the babel system
Package babel Info: \l@canadian = using hyphenrules for english
(babel)             (\language0) on input line 102.
Package babel Info: \l@australian = using hyphenrules for ukenglish
(babel)             (\language73) on input line 105.
Package babel Info: \l@newzealand = using hyphenrules for ukenglish
(babel)             (\language73) on input line 108.
)
(/home/irina/.miktex/texmfs/install/tex/latex/babel-russian/russianb.ldf
Language: russian 2017/08/12 1.3j Russian support for the Babel system
Package babel Info: Making " an active character on input line 120.
Package babel Info: Default for \cyrdash is provided on input line 157.
))
(/home/irina/.miktex/texmfs/install/tex/latex/graphics/graphicx.sty
Package: graphicx 2019/11/30 v1.2a Enhanced LaTeX Graphics (DPC,SPQR)

(/home/irina/.miktex/texmfs/install/tex/latex/graphics/keyval.sty
Package: keyval 2014/10/28 v1.15 key=value parser (DPC)
\KV@toks@=\toks30
)
(/home/irina/.miktex/texmfs/install/tex/latex/graphics/graphics.sty
Package: graphics 2019/11/30 v1.4a Standard LaTeX Graphics (DPC,SPQR)

(/home/irina/.miktex/texmfs/install/tex/latex/graphics/trig.sty
Package: trig 2016/01/03 v1.10 sin cos tan (DPC)
)
(/home/irina/.miktex/texmfs/install/tex/latex/graphics-cfg/graphics.cfg
File: graphics.cfg 2016/06/04 v1.11 sample graphics configuration
)
Package graphics Info: Driver file: pdftex.def on input line 105.

(/home/irina/.miktex/texmfs/install/tex/latex/graphics-def/pdftex.def
File: pdftex.def 2020/08/26 v1.2 Graphics/color driver for pdftex
))
\Gin@req@height=\dimen148
\Gin@req@width=\dimen149
)
(/home/irina/.miktex/texmfs/install/tex/latex/tools/indentfirst.sty
Package: indentfirst 1995/11/23 v1.03 Indent first paragraph (DPC)
)
(/home/irina/.miktex/texmfs/install/tex/latex/tools/multicol.sty
Package: multicol 2019/12/09 v1.8y multicolumn formatting (FMi)
\c@tracingmulticols=\count190
\mult@box=\box47
\multicol@leftmargin=\dimen150
\c@unbalance=\count191
\c@collectmore=\count192
\doublecol@number=\count193
\multicoltolerance=\count194
\multicolpretolerance=\count195
\full@width=\dimen151
\page@free=\dimen152
\premulticols=\dimen153
\postmulticols=\dimen154
\multicolsep=\skip55
\multicolbaselineskip=\skip56
\partial@page=\box48
\last@line=\box49
\maxbalancingoverflow=\dimen155
\mult@rightbox=\box50
\mult@grightbox=\box51
\mult@gfirstbox=\box52
\mult@firstbox=\box53
\@tempa=\box54
\@tempa=\box55
\@tempa=\box56
\@tempa=\box57
\@tempa=\box58
\@tempa=\box59
\@tempa=\box60
\@tempa=\box61
\@tempa=\box62
\@tempa=\box63
\@tempa=\box64
\@tempa=\box65
\@tempa=\box66
\@tempa=\box67
\@tempa=\box68
\@tempa=\box69
\@tempa=\box70
\@tempa=\box71
\@tempa=\box72
\@tempa=\box73
\@tempa=\box74
\@tempa=\box75
\@tempa=\box76
\@tempa=\box77
\@tempa=\box78
\@tempa=\box79
\@tempa=\box80
\@tempa=\box81
\@tempa=\box82
\@tempa=\box83
\@tempa=\box84
\@tempa=\box85
\@tempa=\box86
\@tempa=\box87
\@tempa=\box88
\@tempa=\box89
\@tempa=\box90
\c@minrows=\count196
\c@columnbadness=\count197
\c@finalcolumnbadness=\count198
\last@try=\dimen156
\multicolovershoot=\dimen157
\multicolundershoot=\dimen158
\mult@nat@firstbox=\box91
\colbreak@box=\box92
\mc@col@check@num=\count199
)
(/home/irina/.miktex/texmfs/install/tex/latex/titlesec/titlesec.sty
Package: titlesec 2019/10/16 v2.13 Sectioning titles
\ttl@box=\box93
\beforetitleunit=\skip57
\aftertitleunit=\skip58
\ttl@plus=\dimen159
\ttl@minus=\dimen160
\ttl@toksa=\toks31
\titlewidth=\dimen161
\titlewidthlast=\dimen162
\titlewidthfirst=\dimen163
)
(/home/irina/.miktex/texmfs/install/tex/latex/url/url.sty
\Urlmuskip=\muskip17
Package: url 2013/09/16  ver 3.4  Verb mode for urls, etc.
)
(/home/irina/.miktex/texmfs/install/tex/latex/hyperref/hyperref.sty
Package: hyperref 2020-05-15 v7.00e Hypertext links for LaTeX

(/home/irina/.miktex/texmfs/install/tex/generic/ltxcmds/ltxcmds.sty
Package: ltxcmds 2019/12/15 v1.24 LaTeX kernel commands for general use (HO)
)
(/home/irina/.miktex/texmfs/install/tex/generic/iftex/iftex.sty
Package: iftex 2020/03/06 v1.0d TeX engine tests
)
(/home/irina/.miktex/texmfs/install/tex/generic/pdftexcmds/pdftexcmds.sty
Package: pdftexcmds 2020-06-27 v0.33 Utility functions of pdfTeX for LuaTeX (HO
)

(/home/irina/.miktex/texmfs/install/tex/generic/infwarerr/infwarerr.sty
Package: infwarerr 2019/12/03 v1.5 Providing info/warning/error messages (HO)
)
Package pdftexcmds Info: \pdf@primitive is available.
Package pdftexcmds Info: \pdf@ifprimitive is available.
Package pdftexcmds Info: \pdfdraftmode found.
)
(/home/irina/.miktex/texmfs/install/tex/generic/kvsetkeys/kvsetkeys.sty
Package: kvsetkeys 2019/12/15 v1.18 Key value parser (HO)
)
(/home/irina/.miktex/texmfs/install/tex/generic/kvdefinekeys/kvdefinekeys.sty
Package: kvdefinekeys 2019-12-19 v1.6 Define keys (HO)
)
(/home/irina/.miktex/texmfs/install/tex/generic/pdfescape/pdfescape.sty
Package: pdfescape 2019/12/09 v1.15 Implements pdfTeX's escape features (HO)
)
(/home/irina/.miktex/texmfs/install/tex/latex/hycolor/hycolor.sty
Package: hycolor 2020-01-27 v1.10 Color options for hyperref/bookmark (HO)
)
(/home/irina/.miktex/texmfs/install/tex/latex/letltxmacro/letltxmacro.sty
Package: letltxmacro 2019/12/03 v1.6 Let assignment for LaTeX macros (HO)
)
(/home/irina/.miktex/texmfs/install/tex/latex/auxhook/auxhook.sty
Package: auxhook 2019-12-17 v1.6 Hooks for auxiliary files (HO)
)
(/home/irina/.miktex/texmfs/install/tex/latex/kvoptions/kvoptions.sty
Package: kvoptions 2019/11/29 v3.13 Key value format for package options (HO)
)
\@linkdim=\dimen164
\Hy@linkcounter=\count266
\Hy@pagecounter=\count267

(/home/irina/.miktex/texmfs/install/tex/latex/hyperref/pd1enc.def
File: pd1enc.def 2020-05-15 v7.00e Hyperref: PDFDocEncoding definition (HO)
Now handling font encoding PD1 ...
... no UTF-8 mapping file for font encoding PD1
)
(/home/irina/.miktex/texmfs/install/tex/generic/intcalc/intcalc.sty
Package: intcalc 2019/12/15 v1.3 Expandable calculations with integers (HO)
)
(/home/irina/.miktex/texmfs/install/tex/generic/etexcmds/etexcmds.sty
Package: etexcmds 2019/12/15 v1.7 Avoid name clashes with e-TeX commands (HO)
)
\Hy@SavedSpaceFactor=\count268
Package hyperref Info: Option `unicode' set `true' on input line 3427.

(/home/irina/.miktex/texmfs/install/tex/latex/hyperref/puenc.def
File: puenc.def 2020-05-15 v7.00e Hyperref: PDF Unicode definition (HO)
Now handling font encoding PU ...
... no UTF-8 mapping file for font encoding PU
)
Package hyperref Info: Hyper figures OFF on input line 4464.
Package hyperref Info: Link nesting OFF on input line 4469.
Package hyperref Info: Hyper index ON on input line 4472.
Package hyperref Info: Plain pages OFF on input line 4479.
Package hyperref Info: Backreferencing OFF on input line 4484.
Package hyperref Info: Implicit mode ON; LaTeX internals redefined.
Package hyperref Info: Bookmarks ON on input line 4717.
\c@Hy@tempcnt=\count269
LaTeX Info: Redefining \url on input line 5076.
\XeTeXLinkMargin=\dimen165

(/home/irina/.miktex/texmfs/install/tex/generic/bitset/bitset.sty
Package: bitset 2019/12/09 v1.3 Handle bit-vector datatype (HO)

(/home/irina/.miktex/texmfs/install/tex/generic/bigintcalc/bigintcalc.sty
Package: bigintcalc 2019/12/15 v1.5 Expandable calculations on big integers (HO
)
))
\Fld@menulength=\count270
\Field@Width=\dimen166
\Fld@charsize=\dimen167
Package hyperref Info: Hyper figures OFF on input line 6347.
Package hyperref Info: Link nesting OFF on input line 6352.
Package hyperref Info: Hyper index ON on input line 6355.
Package hyperref Info: backreferencing OFF on input line 6362.
Package hyperref Info: Link coloring OFF on input line 6367.
Package hyperref Info: Link coloring with OCG OFF on input line 6372.
Package hyperref Info: PDF/A mode OFF on input line 6377.
LaTeX Info: Redefining \ref on input line 6417.
LaTeX Info: Redefining \pageref on input line 6421.

(/home/irina/.miktex/texmfs/install/tex/generic/atbegshi/atbegshi.sty
Package: atbegshi 2019/12/05 v1.19 At begin shipout hook (HO)
)
\Hy@abspage=\count271
\c@Item=\count272
\c@Hfootnote=\count273
)
Package hyperref Info: Driver (autodetected): hpdftex.

(/home/irina/.miktex/texmfs/install/tex/latex/hyperref/hpdftex.def
File: hpdftex.def 2020-05-15 v7.00e Hyperref driver for pdfTeX

(/home/irina/.miktex/texmfs/install/tex/latex/atveryend/atveryend.sty
Package: atveryend 2019-12-11 v1.11 Hooks at the very end of document (HO)
Package atveryend Info: \enddocument detected (standard20110627).
)
\Fld@listcount=\count274
\c@bookmark@seq@number=\count275

(/home/irina/.miktex/texmfs/install/tex/latex/rerunfilecheck/rerunfilecheck.sty
Package: rerunfilecheck 2019/12/05 v1.9 Rerun checks for auxiliary files (HO)

(/home/irina/.miktex/texmfs/install/tex/generic/uniquecounter/uniquecounter.sty
Package: uniquecounter 2019/12/15 v1.4 Provide unlimited unique counter (HO)
)
Package uniquecounter Info: New unique counter `rerunfilecheck' on input line 2
86.
)
\Hy@SectionHShift=\skip59
) (/home/irina/.miktex/texmfs/install/tex/latex/geometry/geometry.sty
Package: geometry 2020/01/02 v5.9 Page Geometry

(/home/irina/.miktex/texmfs/install/tex/generic/iftex/ifvtex.sty
Package: ifvtex 2019/10/25 v1.7 ifvtex legacy package. Use iftex instead.
)
\Gm@cnth=\count276
\Gm@cntv=\count277
\c@Gm@tempcnt=\count278
\Gm@bindingoffset=\dimen168
\Gm@wd@mp=\dimen169
\Gm@odd@mp=\dimen170
\Gm@even@mp=\dimen171
\Gm@layoutwidth=\dimen172
\Gm@layoutheight=\dimen173
\Gm@layouthoffset=\dimen174
\Gm@layoutvoffset=\dimen175
\Gm@dimlist=\toks32

(/home/irina/.miktex/texmfs/install/tex/latex/geometry/geometry.cfg))
(/home/irina/.miktex/texmfs/install/tex/latex/l3backend/l3backend-pdftex.def
File: l3backend-pdftex.def 2020-09-01 L3 backend support: PDF output (pdfTeX)
\l__kernel_color_stack_int=\count279
\l__pdf_internal_box=\box94
)
(report_31_12.aux)
\openout1 = `report_31_12.aux'.

LaTeX Font Info:    Checking defaults for OML/cmm/m/it on input line 27.
LaTeX Font Info:    ... okay on input line 27.
LaTeX Font Info:    Checking defaults for OMS/cmsy/m/n on input line 27.
LaTeX Font Info:    ... okay on input line 27.
LaTeX Font Info:    Checking defaults for OT1/cmr/m/n on input line 27.
LaTeX Font Info:    ... okay on input line 27.
LaTeX Font Info:    Checking defaults for T1/cmr/m/n on input line 27.
LaTeX Font Info:    ... okay on input line 27.
LaTeX Font Info:    Checking defaults for TS1/cmr/m/n on input line 27.
LaTeX Font Info:    ... okay on input line 27.
LaTeX Font Info:    Checking defaults for OMX/cmex/m/n on input line 27.
LaTeX Font Info:    ... okay on input line 27.
LaTeX Font Info:    Checking defaults for U/cmr/m/n on input line 27.
LaTeX Font Info:    ... okay on input line 27.
LaTeX Font Info:    Checking defaults for T2A/cmr/m/n on input line 27.
LaTeX Font Info:    ... okay on input line 27.
LaTeX Font Info:    Checking defaults for PD1/pdf/m/n on input line 27.
LaTeX Font Info:    ... okay on input line 27.
LaTeX Font Info:    Checking defaults for PU/pdf/m/n on input line 27.
LaTeX Font Info:    ... okay on input line 27.

(/home/irina/.miktex/texmfs/install/tex/context/base/mkii/supp-pdf.mkii
[Loading MPS to PDF converter (version 2006.09.02).]
\scratchcounter=\count280
\scratchdimen=\dimen176
\scratchbox=\box95
\nofMPsegments=\count281
\nofMParguments=\count282
\everyMPshowfont=\toks33
\MPscratchCnt=\count283
\MPscratchDim=\dimen177
\MPnumerator=\count284
\makeMPintoPDFobject=\count285
\everyMPtoPDFconversion=\toks34
) (/home/irina/.miktex/texmfs/install/tex/latex/epstopdf-pkg/epstopdf-base.sty
Package: epstopdf-base 2020-01-24 v2.11 Base part for package epstopdf
Package epstopdf-base Info: Redefining graphics rule for `.eps' on input line 4
85.
)
\AtBeginShipoutBox=\box96
Package hyperref Info: Link coloring OFF on input line 27.
(/home/irina/.miktex/texmfs/install/tex/latex/hyperref/nameref.sty
Package: nameref 2019/09/16 v2.46 Cross-referencing by name of section

(/home/irina/.miktex/texmfs/install/tex/latex/refcount/refcount.sty
Package: refcount 2019/12/15 v3.6 Data extraction from label references (HO)
)
(/home/irina/.miktex/texmfs/install/tex/generic/gettitlestring/gettitlestring.s
ty
Package: gettitlestring 2019/12/15 v1.6 Cleanup title references (HO)
)
\c@section@level=\count286
)
LaTeX Info: Redefining \ref on input line 27.
LaTeX Info: Redefining \pageref on input line 27.
LaTeX Info: Redefining \nameref on input line 27.
 (report_31_12.out) (report_31_12.out)
\@outlinefile=\write3
\openout3 = `report_31_12.out'.


*geometry* driver: auto-detecting
*geometry* detected driver: pdftex
*geometry* verbose mode - [ preamble ] result:
* driver: pdftex
* paper: a4paper
* layout: <same size as paper>
* layoutoffset:(h,v)=(0.0pt,0.0pt)
* modes: 
* h-part:(L,W,R)=(42.67912pt, 512.14963pt, 42.67912pt)
* v-part:(T,H,B)=(56.9055pt, 731.23584pt, 56.9055pt)
* \paperwidth=597.50787pt
* \paperheight=845.04684pt
* \textwidth=512.14963pt
* \textheight=731.23584pt
* \oddsidemargin=-29.59087pt
* \evensidemargin=-29.59087pt
* \topmargin=-52.36449pt
* \headheight=12.0pt
* \headsep=25.0pt
* \topskip=12.0pt
* \footskip=30.0pt
* \marginparwidth=35.0pt
* \marginparsep=10.0pt
* \columnsep=10.0pt
* \skip\footins=10.8pt plus 4.0pt minus 2.0pt
* \hoffset=0.0pt
* \voffset=0.0pt
* \mag=1000
* \@twocolumnfalse
* \@twosidefalse
* \@mparswitchfalse
* \@reversemarginfalse
* (1in=72.27pt=25.4mm, 1cm=28.453pt)

LaTeX Font Info:    Trying to load font information for U+msa on input line 56.

(/home/irina/.miktex/texmfs/install/tex/latex/amsfonts/umsa.fd
File: umsa.fd 2013/01/14 v3.01 AMS symbols A
)
LaTeX Font Info:    Trying to load font information for U+msb on input line 56.


(/home/irina/.miktex/texmfs/install/tex/latex/amsfonts/umsb.fd
File: umsb.fd 2013/01/14 v3.01 AMS symbols B
) [1

{/home/irina/.miktex/texmfs/data/pdftex/config/pdftex.map}] [2] [3] [4] [5] [6]
<pictures/shock1.png, id=169, 490.83376pt x 262.9825pt>
File: pictures/shock1.png Graphic file (type png)
<use pictures/shock1.png>
Package pdftex.def Info: pictures/shock1.png  used on input line 233.
(pdftex.def)             Requested size: 409.72125pt x 219.5314pt.
<pictures/VDS.png, id=171, 601.24625pt x 262.9825pt>
File: pictures/VDS.png Graphic file (type png)
<use pictures/VDS.png>
Package pdftex.def Info: pictures/VDS.png  used on input line 248.
(pdftex.def)             Requested size: 460.93153pt x 201.61432pt.


LaTeX Warning: `h' float specifier changed to `ht'.

<pictures/labour.png, id=172, 601.24625pt x 262.9825pt>
File: pictures/labour.png Graphic file (type png)
<use pictures/labour.png>
Package pdftex.def Info: pictures/labour.png  used on input line 253.
(pdftex.def)             Requested size: 460.93153pt x 201.61432pt.

LaTeX Warning: `h' float specifier changed to `ht'.


LaTeX Warning: `h' float specifier changed to `ht'.

[7 <./pictures/shock1.png>] [8 <./pictures/VDS.png> <./pictures/labour.png>]
<pictures/labour_branches.png, id=193, 395.3169pt x 298.4751pt>
File: pictures/labour_branches.png Graphic file (type png)
<use pictures/labour_branches.png>
Package pdftex.def Info: pictures/labour_branches.png  used on input line 300.
(pdftex.def)             Requested size: 358.50317pt x 270.67911pt.

[9 <./pictures/labour_branches.png>]
<pictures/labour_shock.png, id=202, 616.4631pt x 298.4751pt>
File: pictures/labour_shock.png Graphic file (type png)
<use pictures/labour_shock.png>
Package pdftex.def Info: pictures/labour_shock.png  used on input line 337.
(pdftex.def)             Requested size: 460.93153pt x 223.17717pt.
 [10 <./pictures/labour_shock.png>]
<pictures/vvp_rf.png, id=211, 616.4631pt x 298.4751pt>
File: pictures/vvp_rf.png Graphic file (type png)
<use pictures/vvp_rf.png>
Package pdftex.def Info: pictures/vvp_rf.png  used on input line 346.
(pdftex.def)             Requested size: 460.93153pt x 223.17717pt.

Overfull \hbox (17.54573pt too wide) in paragraph at lines 357--378
 [] 
 []

<pictures/vvp_novosib.png, id=213, 616.4631pt x 298.4751pt>
File: pictures/vvp_novosib.png Graphic file (type png)
<use pictures/vvp_novosib.png>
Package pdftex.def Info: pictures/vvp_novosib.png  used on input line 385.
(pdftex.def)             Requested size: 460.93153pt x 223.17717pt.
[11 <./pictures/vvp_rf.png>] [12 <./pictures/vvp_novosib.png>] [13] [14]
(report_31_12.bbl
LaTeX Font Info:    Trying to load font information for T2A+cmtt on input line 
32.

(/home/irina/.miktex/texmfs/install/tex/latex/cyrillic/t2acmtt.fd
File: t2acmtt.fd 2001/08/11 v1.0a Computer Modern Cyrillic font definitions
)
Underfull \hbox (badness 1292) in paragraph at lines 48--55
\T2A/cmtt/m/n/12 klassifikatory _ zakreplennye _ za _ minekonomrazvitiya _ ross
ii/$[]\T2A/cmr/m/n/12 , 2021.  Ак-ту-аль-но на
 []

) [15]
Underfull \hbox (badness 10000) in paragraph at lines 506--506
[]\T2A/cmr/m/n/12 Сельское, лес-ное хо-зяй-ство,
 []


Underfull \hbox (badness 1502) in paragraph at lines 507--507
[]\T2A/cmr/m/n/12 Растениеводство и жи-вот-но-вод-ство, охо-та и
 []


Underfull \hbox (badness 10000) in paragraph at lines 537--537
[]\T2A/cmr/m/n/12 Обеспечение элек-три-че-ское
 []


Underfull \hbox (badness 10000) in paragraph at lines 537--537
\T2A/cmr/m/n/12 энер-ги-ей, га-зом и па-ром;
 []


Underfull \hbox (badness 3547) in paragraph at lines 541--541
[]\T2A/cmr/m/n/12 Торговля опто-вая и роз-нич-
 []


Underfull \hbox (badness 2781) in paragraph at lines 543--543
[]\T2A/cmr/m/n/12 Торговля роз-нич-ная, кро-ме тор-гов-ли ав-то-
 []


Underfull \hbox (badness 10000) in paragraph at lines 546--546
[]\T2A/cmr/m/n/12 Деятельность воз-душ-но-го и кос-ми-че-ско-го
 []


Underfull \hbox (badness 2205) in paragraph at lines 549--549
\T2A/cmr/m/n/12 при-я-тий об-ще-ствен-но-го пи-та-
 []


Underfull \hbox (badness 1874) in paragraph at lines 554--554
[]\T2A/cmr/m/n/12 Деятельность по опе-ра-ци-ям с недви-жи-мым
 []

[16]
Underfull \hbox (badness 10000) in paragraph at lines 567--567
[]\T2A/cmr/m/n/12 Деятельность в об-ла-сти ар-хи-тек-ту-ры и
 []


Underfull \hbox (badness 10000) in paragraph at lines 567--567
\T2A/cmr/m/n/12 инженерно-технического про-ек-ти-ро-ва-ния;
 []


Underfull \hbox (badness 10000) in paragraph at lines 567--567
\T2A/cmr/m/n/12 тех-ни-че-ских ис-пы-та-ний, ис-сле-до-ва-ний и
 []


Underfull \hbox (badness 4543) in paragraph at lines 574--574
[]\T2A/cmr/m/n/12 Деятельность по обес-пе-че-нию без-опас-но-сти
 []


Underfull \hbox (badness 1072) in paragraph at lines 574--574
\T2A/cmr/m/n/12 и про-ве-де-нию рас-сле-до-ва-ний, об-слу-жи-ва-нию
 []


Underfull \hbox (badness 10000) in paragraph at lines 574--574
\T2A/cmr/m/n/12 зда-ний и тер-ри-то-рий, административно-
 []

[17] [18]
Underfull \hbox (badness 10000) in paragraph at lines 593--593
[]\T2A/cmr/m/n/12 Сельское, лес-ное хо-зяй-ство,
 []


Underfull \hbox (badness 1308) in paragraph at lines 602--602
[]\T2A/cmr/m/n/12 Услуги пе-чат-ные и услу-ги по ко-пи-ро-ва-нию
 []


Underfull \hbox (badness 10000) in paragraph at lines 624--624
[]\T2A/cmr/m/n/12 Обеспечение элек-три-че-ское
 []


Underfull \hbox (badness 10000) in paragraph at lines 624--624
\T2A/cmr/m/n/12 энер-ги-ей, га-зом и па-ром;
 []


Underfull \hbox (badness 3547) in paragraph at lines 628--628
[]\T2A/cmr/m/n/12 Торговля опто-вая и роз-нич-
 []


Underfull \hbox (badness 2205) in paragraph at lines 636--636
\T2A/cmr/m/n/12 при-я-тий об-ще-ствен-но-го пи-та-
 []

[19]
Underfull \hbox (badness 1057) in paragraph at lines 666--666
[]\T2A/cmr/m/n/12 Услуги по ре-мон-ту ком-пью-те-ров, пред-ме-тов
 []

[20] [21] [22]
Overfull \hbox (30.82048pt too wide) in paragraph at lines 769--791
[][] 
 []

Package atveryend Info: Empty hook `BeforeClearDocument' on input line 792.
[23] [24]
Package atveryend Info: Empty hook `AfterLastShipout' on input line 792.
 (report_31_12.aux)
Package atveryend Info: Executing hook `AtVeryEndDocument' on input line 792.
Package atveryend Info: Executing hook `AtEndAfterFileList' on input line 792.
Package rerunfilecheck Info: File `report_31_12.out' has not changed.
(rerunfilecheck)             Checksum: 7084F2C430CE6D107ADFB485191F43CB;9175.
Package atveryend Info: Empty hook `AtVeryVeryEnd' on input line 792.
 ) 
Here is how much of TeX's memory you used:
 12173 strings out of 481191
 173259 string characters out of 2910158
 460493 words of memory out of 3000000
 27514 multiletter control sequences out of 15000+200000
 544477 words of font info for 54 fonts, out of 3000000 for 9000
 1141 hyphenation exceptions out of 8191
 43i,12n,37p,3108b,400s stack positions out of 5000i,500n,10000p,200000b,50000s
 </home/irina/.miktex/texmfs/data/fonts/pk/ljfour/lh/lh-t2a/dpi600/latt1200.p
k> </home/irina/.miktex/texmfs/data/fonts/pk/ljfour/lh/lh-t2a/dpi600/lati1200.p
k> </home/irina/.miktex/texmfs/data/fonts/pk/ljfour/jknappen/ec/dpi600/tcrm1200
.pk> </home/irina/.miktex/texmfs/data/fonts/pk/ljfour/lh/lh-t2a/dpi600/labx1200
.pk> </home/irina/.miktex/texmfs/data/fonts/pk/ljfour/lh/lh-t2a/dpi600/larm1200
.pk></home/irina/.miktex/texmfs/install/fonts/type1/public/amsfonts/cm/cmex10.p
fb></home/irina/.miktex/texmfs/install/fonts/type1/public/amsfonts/cm/cmmi12.pf
b></home/irina/.miktex/texmfs/install/fonts/type1/public/amsfonts/cm/cmmi6.pfb>
</home/irina/.miktex/texmfs/install/fonts/type1/public/amsfonts/cm/cmmi8.pfb></
home/irina/.miktex/texmfs/install/fonts/type1/public/amsfonts/cm/cmr12.pfb></ho
me/irina/.miktex/texmfs/install/fonts/type1/public/amsfonts/cm/cmr6.pfb></home/
irina/.miktex/texmfs/install/fonts/type1/public/amsfonts/cm/cmr8.pfb></home/iri
na/.miktex/texmfs/install/fonts/type1/public/amsfonts/cm/cmsy10.pfb></home/irin
a/.miktex/texmfs/install/fonts/type1/public/amsfonts/cm/cmsy8.pfb></home/irina/
.miktex/texmfs/install/fonts/type1/public/amsfonts/symbols/msam10.pfb>
Output written on report_31_12.pdf (24 pages, 477695 bytes).
PDF statistics:
 620 PDF objects out of 1000 (max. 8388607)
 77 named destinations out of 1000 (max. 500000)
 204 words of extra memory for PDF output out of 10000 (max. 10000000)

